============================= test session starts =============================
platform win32 -- Python 3.13.12, pytest-9.0.2, pluggy-1.6.0 -- C:\Users\Robin\MnemoCore-Infrastructure-for-Persistent-Cognitive-Memory\.venv\Scripts\python.exe
cachedir: .pytest_cache
hypothesis profile 'default'
rootdir: C:\Users\Robin\MnemoCore-Infrastructure-for-Persistent-Cognitive-Memory
configfile: pytest.ini (WARNING: ignoring pytest config in pyproject.toml!)
plugins: anyio-4.12.1, hypothesis-6.151.9, asyncio-1.3.0
asyncio: mode=Mode.AUTO, debug=False, asyncio_default_fixture_loop_scope=None, asyncio_default_test_loop_scope=function
collecting ... collected 29 items

tests/test_recursive_synthesizer_extended.py::TestSynthesizerConfigExtended::test_config_with_ripple_disabled PASSED [  3%]
tests/test_recursive_synthesizer_extended.py::TestSynthesizerConfigExtended::test_config_zero_max_depth PASSED [  6%]
tests/test_recursive_synthesizer_extended.py::TestSynthesizerConfigExtended::test_config_high_parallel_limit PASSED [ 10%]
tests/test_recursive_synthesizer_extended.py::TestHeuristicDecomposeExtended::test_query_with_or PASSED [ 13%]
tests/test_recursive_synthesizer_extended.py::TestHeuristicDecomposeExtended::test_query_with_but PASSED [ 17%]
tests/test_recursive_synthesizer_extended.py::TestHeuristicDecomposeExtended::test_query_with_also PASSED [ 20%]
tests/test_recursive_synthesizer_extended.py::TestHeuristicDecomposeExtended::test_query_with_furthermore PASSED [ 24%]
tests/test_recursive_synthesizer_extended.py::TestHeuristicDecomposeExtended::test_query_with_related_to PASSED [ 27%]
tests/test_recursive_synthesizer_extended.py::TestHeuristicDecomposeExtended::test_question_word_splitting PASSED [ 31%]
tests/test_recursive_synthesizer_extended.py::TestHeuristicDecomposeExtended::test_filters_very_short_parts PASSED [ 34%]
tests/test_recursive_synthesizer_extended.py::TestHeuristicDecomposeExtended::test_unicode_characters PASSED [ 37%]
tests/test_recursive_synthesizer_extended.py::TestHeuristicDecomposeExtended::test_very_long_single_word PASSED [ 41%]
tests/test_recursive_synthesizer_extended.py::TestHeuristicDecomposeExtended::test_multiple_conjunctions FAILED [ 44%]
tests/test_recursive_synthesizer_extended.py::TestSynthesizerExtended::test_synthesize_with_empty_string_query PASSED [ 48%]
tests/test_recursive_synthesizer_extended.py::TestSynthesizerExtended::test_synthesize_with_very_long_query PASSED [ 51%]
tests/test_recursive_synthesizer_extended.py::TestSynthesizerExtended::test_synthesize_respects_final_top_k PASSED [ 55%]
tests/test_recursive_synthesizer_extended.py::TestSynthesizerExtended::test_synthesize_depth_tracking PASSED [ 58%]
tests/test_recursive_synthesizer_extended.py::TestMicroQueryExtraction::test_extract_from_empty_memories PASSED [ 62%]
tests/test_recursive_synthesizer_extended.py::TestMicroQueryExtraction::test_extract_from_memories_with_empty_content PASSED [ 65%]
tests/test_recursive_synthesizer_extended.py::TestMicroQueryExtraction::test_extract_respects_max_micro PASSED [ 68%]
tests/test_recursive_synthesizer_extended.py::TestRippleContextSearch::test_search_ripple_with_empty_sub_queries PASSED [ 72%]
tests/test_recursive_synthesizer_extended.py::TestRippleContextSearch::test_search_ripple_deduplicates PASSED [ 75%]
tests/test_recursive_synthesizer_extended.py::TestSynthesisResultExtended::test_synthesis_result_with_ripple_snippets PASSED [ 79%]
tests/test_recursive_synthesizer_extended.py::TestSynthesisResultExtended::test_synthesis_result_stats PASSED [ 82%]
tests/test_recursive_synthesizer_extended.py::TestParallelSubSearchErrors::test_handles_exceptions_in_sub_search PASSED [ 86%]
tests/test_recursive_synthesizer_extended.py::TestParallelSubSearchErrors::test_handles_all_sub_searches_failing PASSED [ 89%]
tests/test_recursive_synthesizer_extended.py::TestSynthesizerWithSyncLLM::test_sync_llm_decomposition PASSED [ 93%]
tests/test_recursive_synthesizer_extended.py::TestSynthesizerWithSyncLLM::test_sync_llm_synthesis FAILED [ 96%]
tests/test_recursive_synthesizer_extended.py::TestSynthesizerConcurrency::test_respects_parallel_limit PASSED [100%]

================================== FAILURES ===================================
__________ TestHeuristicDecomposeExtended.test_multiple_conjunctions __________
tests\test_recursive_synthesizer_extended.py:92: in test_multiple_conjunctions
    assert len(result) >= 2
E   AssertionError: assert 1 >= 2
E    +  where 1 = len(['a and b or c but also d'])
_____________ TestSynthesizerWithSyncLLM.test_sync_llm_synthesis ______________
tests\test_recursive_synthesizer_extended.py:383: in test_sync_llm_synthesis
    assert synthesis == "LLM generated synthesis"
E   AssertionError: assert 'No relevant ...r this query.' == 'LLM generated synthesis'
E     
E     - LLM generated synthesis
E     + No relevant memories found for this query.
============================== warnings summary ===============================
<frozen importlib._bootstrap>:488
  <frozen importlib._bootstrap>:488: DeprecationWarning: builtin type SwigPyPacked has no __module__ attribute

<frozen importlib._bootstrap>:488
  <frozen importlib._bootstrap>:488: DeprecationWarning: builtin type SwigPyObject has no __module__ attribute

<frozen importlib._bootstrap>:488
  <frozen importlib._bootstrap>:488: DeprecationWarning: builtin type swigvarlink has no __module__ attribute

-- Docs: https://docs.pytest.org/en/stable/how-to/capture-warnings.html
=========================== short test summary info ===========================
FAILED tests/test_recursive_synthesizer_extended.py::TestHeuristicDecomposeExtended::test_multiple_conjunctions
FAILED tests/test_recursive_synthesizer_extended.py::TestSynthesizerWithSyncLLM::test_sync_llm_synthesis
================== 2 failed, 27 passed, 3 warnings in 3.52s ===================
